# JRE version: OpenJDK Runtime Environment (11.0.4+11) (build 11.0.4+11-post-Ubuntu-1ubuntu218.04.3)
# Java VM: OpenJDK 64-Bit Server VM (11.0.4+11-post-Ubuntu-1ubuntu218.04.3, mixed mode, sharing, tiered, compressed oops, serial gc, linux-amd64)
Heap:
 def new generation   total 41536K, used 0K [0x0000000080000000, 0x0000000082d10000, 0x00000000aaaa0000)
  eden space 36928K,   0% used [0x0000000080000000, 0x0000000080000000, 0x0000000082410000)
  from space 4608K,   0% used [0x0000000082410000, 0x0000000082410000, 0x0000000082890000)
  to   space 4608K,   0% used [0x0000000082890000, 0x0000000082890000, 0x0000000082d10000)
 tenured generation   total 92200K, used 14777K [0x00000000aaaa0000, 0x00000000b04aa000, 0x0000000100000000)
   the space 92200K,  16% used [0x00000000aaaa0000, 0x00000000ab90e500, 0x00000000ab90e600, 0x00000000b04aa000)
 Metaspace       used 17851K, capacity 18399K, committed 18688K, reserved 1064960K
  class space    used 2009K, capacity 2205K, committed 2304K, reserved 1048576K
GC Heap History (10 events):
Event: 6.153 GC heap before
{Heap before GC invocations=13 (full 1):
 def new generation   total 11584K, used 10733K [0x0000000080000000, 0x0000000080c90000, 0x00000000aaaa0000)
  eden space 10304K, 100% used [0x0000000080000000, 0x0000000080a10000, 0x0000000080a10000)
  from space 1280K,  33% used [0x0000000080b50000, 0x0000000080bbb540, 0x0000000080c90000)
  to   space 1280K,   0% used [0x0000000080a10000, 0x0000000080a10000, 0x0000000080b50000)
 tenured generation   total 128020K, used 117769K [0x00000000aaaa0000, 0x00000000b27a5000, 0x0000000100000000)
   the space 128020K,  91% used [0x00000000aaaa0000, 0x00000000b1da2618, 0x00000000b1da2800, 0x00000000b27a5000)
 Metaspace       used 17558K, capacity 18112K, committed 18432K, reserved 1064960K
  class space    used 2005K, capacity 2200K, committed 2304K, reserved 1048576K
}
Event: 6.156 GC heap after
{Heap after GC invocations=14 (full 1):
 def new generation   total 11584K, used 1280K [0x0000000080000000, 0x0000000080c90000, 0x00000000aaaa0000)
  eden space 10304K,   0% used [0x0000000080000000, 0x0000000080000000, 0x0000000080a10000)
  from space 1280K, 100% used [0x0000000080a10000, 0x0000000080b50000, 0x0000000080b50000)
  to   space 1280K,   0% used [0x0000000080b50000, 0x0000000080b50000, 0x0000000080c90000)
 tenured generation   total 128020K, used 117778K [0x00000000aaaa0000, 0x00000000b27a5000, 0x0000000100000000)
   the space 128020K,  91% used [0x00000000aaaa0000, 0x00000000b1da4918, 0x00000000b1da4a00, 0x00000000b27a5000)
 Metaspace       used 17558K, capacity 18112K, committed 18432K, reserved 1064960K
  class space    used 2005K, capacity 2200K, committed 2304K, reserved 1048576K
}
Event: 6.275 GC heap before
{Heap before GC invocations=14 (full 1):
 def new generation   total 11584K, used 11584K [0x0000000080000000, 0x0000000080c90000, 0x00000000aaaa0000)
  eden space 10304K, 100% used [0x0000000080000000, 0x0000000080a10000, 0x0000000080a10000)
  from space 1280K, 100% used [0x0000000080a10000, 0x0000000080b50000, 0x0000000080b50000)
  to   space 1280K,   0% used [0x0000000080b50000, 0x0000000080b50000, 0x0000000080c90000)
 tenured generation   total 128020K, used 117778K [0x00000000aaaa0000, 0x00000000b27a5000, 0x0000000100000000)
   the space 128020K,  91% used [0x00000000aaaa0000, 0x00000000b1da4918, 0x00000000b1da4a00, 0x00000000b27a5000)
 Metaspace       used 17572K, capacity 18176K, committed 18432K, reserved 1064960K
  class space    used 2005K, capacity 2200K, committed 2304K, reserved 1048576K
}
Event: 6.280 GC heap after
{Heap after GC invocations=15 (full 1):
 def new generation   total 11584K, used 969K [0x0000000080000000, 0x0000000080c90000, 0x00000000aaaa0000)
  eden space 10304K,   0% used [0x0000000080000000, 0x0000000080000000, 0x0000000080a10000)
  from space 1280K,  75% used [0x0000000080b50000, 0x0000000080c425c8, 0x0000000080c90000)
  to   space 1280K,   0% used [0x0000000080a10000, 0x0000000080a10000, 0x0000000080b50000)
 tenured generation   total 128020K, used 119030K [0x00000000aaaa0000, 0x00000000b27a5000, 0x0000000100000000)
   the space 128020K,  92% used [0x00000000aaaa0000, 0x00000000b1edd908, 0x00000000b1edda00, 0x00000000b27a5000)
 Metaspace       used 17572K, capacity 18176K, committed 18432K, reserved 1064960K
  class space    used 2005K, capacity 2200K, committed 2304K, reserved 1048576K
}
Event: 6.363 GC heap before
{Heap before GC invocations=15 (full 1):
 def new generation   total 11584K, used 10201K [0x0000000080000000, 0x0000000080c90000, 0x00000000aaaa0000)
  eden space 10304K,  89% used [0x0000000080000000, 0x0000000080904120, 0x0000000080a10000)
  from space 1280K,  75% used [0x0000000080b50000, 0x0000000080c425c8, 0x0000000080c90000)
  to   space 1280K,   0% used [0x0000000080a10000, 0x0000000080a10000, 0x0000000080b50000)
 tenured generation   total 128020K, used 119030K [0x00000000aaaa0000, 0x00000000b27a5000, 0x0000000100000000)
   the space 128020K,  92% used [0x00000000aaaa0000, 0x00000000b1edd908, 0x00000000b1edda00, 0x00000000b27a5000)
 Metaspace       used 17581K, capacity 18176K, committed 18432K, reserved 1064960K
  class space    used 2005K, capacity 2200K, committed 2304K, reserved 1048576K
}
Event: 6.448 GC heap after
{Heap after GC invocations=16 (full 2):
 def new generation   total 57664K, used 0K [0x0000000080000000, 0x0000000083e90000, 0x00000000aaaa0000)
  eden space 51264K,   0% used [0x0000000080000000, 0x0000000080000000, 0x0000000083210000)
  from space 6400K,   0% used [0x0000000083210000, 0x0000000083210000, 0x0000000083850000)
  to   space 6400K,   0% used [0x0000000083850000, 0x0000000083850000, 0x0000000083e90000)
 tenured generation   total 128020K, used 16199K [0x00000000aaaa0000, 0x00000000b27a5000, 0x0000000100000000)
   the space 128020K,  12% used [0x00000000aaaa0000, 0x00000000aba71c18, 0x00000000aba71e00, 0x00000000b27a5000)
 Metaspace       used 17581K, capacity 18176K, committed 18432K, reserved 1064960K
  class space    used 2005K, capacity 2200K, committed 2304K, reserved 1048576K
}
Event: 7.791 GC heap before
{Heap before GC invocations=16 (full 2):
 def new generation   total 57664K, used 34879K [0x0000000080000000, 0x0000000083e90000, 0x00000000aaaa0000)
  eden space 51264K,  68% used [0x0000000080000000, 0x000000008220ff20, 0x0000000083210000)
  from space 6400K,   0% used [0x0000000083210000, 0x0000000083210000, 0x0000000083850000)
  to   space 6400K,   0% used [0x0000000083850000, 0x0000000083850000, 0x0000000083e90000)
 tenured generation   total 128020K, used 118599K [0x00000000aaaa0000, 0x00000000b27a5000, 0x0000000100000000)
   the space 128020K,  92% used [0x00000000aaaa0000, 0x00000000b1e71c28, 0x00000000b1e71e00, 0x00000000b27a5000)
 Metaspace       used 17673K, capacity 18253K, committed 18688K, reserved 1064960K
  class space    used 2006K, capacity 2202K, committed 2304K, reserved 1048576K
}
Event: 7.898 GC heap after
{Heap after GC invocations=17 (full 3):
 def new generation   total 54464K, used 0K [0x0000000080000000, 0x0000000083b10000, 0x00000000aaaa0000)
  eden space 48448K,   0% used [0x0000000080000000, 0x0000000080000000, 0x0000000082f50000)
  from space 6016K,   0% used [0x0000000082f50000, 0x0000000082f50000, 0x0000000083530000)
  to   space 6016K,   0% used [0x0000000083530000, 0x0000000083530000, 0x0000000083b10000)
 tenured generation   total 120828K, used 16827K [0x00000000aaaa0000, 0x00000000b209f000, 0x0000000100000000)
   the space 120828K,  13% used [0x00000000aaaa0000, 0x00000000abb0eeb8, 0x00000000abb0f000, 0x00000000b209f000)
 Metaspace       used 17673K, capacity 18253K, committed 18688K, reserved 1064960K
  class space    used 2006K, capacity 2202K, committed 2304K, reserved 1048576K
}
Event: 9.029 GC heap before
{Heap before GC invocations=17 (full 3):
 def new generation   total 54464K, used 33127K [0x0000000080000000, 0x0000000083b10000, 0x00000000aaaa0000)
  eden space 48448K,  68% used [0x0000000080000000, 0x0000000082059f00, 0x0000000082f50000)
  from space 6016K,   0% used [0x0000000082f50000, 0x0000000082f50000, 0x0000000083530000)
  to   space 6016K,   0% used [0x0000000083530000, 0x0000000083530000, 0x0000000083b10000)
 tenured generation   total 120828K, used 119227K [0x00000000aaaa0000, 0x00000000b209f000, 0x0000000100000000)
   the space 120828K,  98% used [0x00000000aaaa0000, 0x00000000b1f0eec8, 0x00000000b1f0f000, 0x00000000b209f000)
 Metaspace       used 17851K, capacity 18399K, committed 18688K, reserved 1064960K
  class space    used 2009K, capacity 2205K, committed 2304K, reserved 1048576K
}
Event: 9.082 GC heap after
{Heap after GC invocations=18 (full 4):
 def new generation   total 41536K, used 0K [0x0000000080000000, 0x0000000082d10000, 0x00000000aaaa0000)
  eden space 36928K,   0% used [0x0000000080000000, 0x0000000080000000, 0x0000000082410000)
  from space 4608K,   0% used [0x0000000082410000, 0x0000000082410000, 0x0000000082890000)
  to   space 4608K,   0% used [0x0000000082890000, 0x0000000082890000, 0x0000000082d10000)
 tenured generation   total 92200K, used 14777K [0x00000000aaaa0000, 0x00000000b04aa000, 0x0000000100000000)
   the space 92200K,  16% used [0x00000000aaaa0000, 0x00000000ab90e500, 0x00000000ab90e600, 0x00000000b04aa000)
 Metaspace       used 17851K, capacity 18399K, committed 18688K, reserved 1064960K
  class space    used 2009K, capacity 2205K, committed 2304K, reserved 1048576K
}

