# JRE version: OpenJDK Runtime Environment (11.0.4+11) (build 11.0.4+11-post-Ubuntu-1ubuntu218.04.3)
# Java VM: OpenJDK 64-Bit Server VM (11.0.4+11-post-Ubuntu-1ubuntu218.04.3, mixed mode, sharing, tiered, compressed oops, serial gc, linux-amd64)
Heap:
 def new generation   total 41472K, used 0K [0x0000000080000000, 0x0000000082d00000, 0x00000000aaaa0000)
  eden space 36864K,   0% used [0x0000000080000000, 0x0000000080000000, 0x0000000082400000)
  from space 4608K,   0% used [0x0000000082400000, 0x0000000082400000, 0x0000000082880000)
  to   space 4608K,   0% used [0x0000000082880000, 0x0000000082880000, 0x0000000082d00000)
 tenured generation   total 92076K, used 14775K [0x00000000aaaa0000, 0x00000000b048b000, 0x0000000100000000)
   the space 92076K,  16% used [0x00000000aaaa0000, 0x00000000ab90de80, 0x00000000ab90e000, 0x00000000b048b000)
 Metaspace       used 17816K, capacity 18399K, committed 18688K, reserved 1064960K
  class space    used 2008K, capacity 2205K, committed 2304K, reserved 1048576K
GC Heap History (10 events):
Event: 6.274 GC heap before
{Heap before GC invocations=13 (full 1):
 def new generation   total 11520K, used 10714K [0x0000000080000000, 0x0000000080c70000, 0x00000000aaaa0000)
  eden space 10304K, 100% used [0x0000000080000000, 0x0000000080a10000, 0x0000000080a10000)
  from space 1216K,  33% used [0x0000000080b40000, 0x0000000080ba6ad0, 0x0000000080c70000)
  to   space 1216K,   0% used [0x0000000080a10000, 0x0000000080a10000, 0x0000000080b40000)
 tenured generation   total 127836K, used 117657K [0x00000000aaaa0000, 0x00000000b2777000, 0x0000000100000000)
   the space 127836K,  92% used [0x00000000aaaa0000, 0x00000000b1d86448, 0x00000000b1d86600, 0x00000000b2777000)
 Metaspace       used 17549K, capacity 18112K, committed 18432K, reserved 1064960K
  class space    used 2004K, capacity 2200K, committed 2304K, reserved 1048576K
}
Event: 6.276 GC heap after
{Heap after GC invocations=14 (full 1):
 def new generation   total 11520K, used 1215K [0x0000000080000000, 0x0000000080c70000, 0x00000000aaaa0000)
  eden space 10304K,   0% used [0x0000000080000000, 0x0000000080000000, 0x0000000080a10000)
  from space 1216K,  99% used [0x0000000080a10000, 0x0000000080b3fff8, 0x0000000080b40000)
  to   space 1216K,   0% used [0x0000000080b40000, 0x0000000080b40000, 0x0000000080c70000)
 tenured generation   total 127836K, used 117723K [0x00000000aaaa0000, 0x00000000b2777000, 0x0000000100000000)
   the space 127836K,  92% used [0x00000000aaaa0000, 0x00000000b1d96da0, 0x00000000b1d96e00, 0x00000000b2777000)
 Metaspace       used 17549K, capacity 18112K, committed 18432K, reserved 1064960K
  class space    used 2004K, capacity 2200K, committed 2304K, reserved 1048576K
}
Event: 6.380 GC heap before
{Heap before GC invocations=14 (full 1):
 def new generation   total 11520K, used 11519K [0x0000000080000000, 0x0000000080c70000, 0x00000000aaaa0000)
  eden space 10304K, 100% used [0x0000000080000000, 0x0000000080a10000, 0x0000000080a10000)
  from space 1216K,  99% used [0x0000000080a10000, 0x0000000080b3fff8, 0x0000000080b40000)
  to   space 1216K,   0% used [0x0000000080b40000, 0x0000000080b40000, 0x0000000080c70000)
 tenured generation   total 127836K, used 117723K [0x00000000aaaa0000, 0x00000000b2777000, 0x0000000100000000)
   the space 127836K,  92% used [0x00000000aaaa0000, 0x00000000b1d96da0, 0x00000000b1d96e00, 0x00000000b2777000)
 Metaspace       used 17563K, capacity 18176K, committed 18432K, reserved 1064960K
  class space    used 2004K, capacity 2200K, committed 2304K, reserved 1048576K
}
Event: 6.385 GC heap after
{Heap after GC invocations=15 (full 1):
 def new generation   total 11520K, used 973K [0x0000000080000000, 0x0000000080c70000, 0x00000000aaaa0000)
  eden space 10304K,   0% used [0x0000000080000000, 0x0000000080000000, 0x0000000080a10000)
  from space 1216K,  80% used [0x0000000080b40000, 0x0000000080c334e8, 0x0000000080c70000)
  to   space 1216K,   0% used [0x0000000080a10000, 0x0000000080a10000, 0x0000000080b40000)
 tenured generation   total 127836K, used 118911K [0x00000000aaaa0000, 0x00000000b2777000, 0x0000000100000000)
   the space 127836K,  93% used [0x00000000aaaa0000, 0x00000000b1ebfdd8, 0x00000000b1ebfe00, 0x00000000b2777000)
 Metaspace       used 17563K, capacity 18176K, committed 18432K, reserved 1064960K
  class space    used 2004K, capacity 2200K, committed 2304K, reserved 1048576K
}
Event: 6.474 GC heap before
{Heap before GC invocations=15 (full 1):
 def new generation   total 11520K, used 10059K [0x0000000080000000, 0x0000000080c70000, 0x00000000aaaa0000)
  eden space 10304K,  88% used [0x0000000080000000, 0x00000000808df828, 0x0000000080a10000)
  from space 1216K,  80% used [0x0000000080b40000, 0x0000000080c334e8, 0x0000000080c70000)
  to   space 1216K,   0% used [0x0000000080a10000, 0x0000000080a10000, 0x0000000080b40000)
 tenured generation   total 127836K, used 118911K [0x00000000aaaa0000, 0x00000000b2777000, 0x0000000100000000)
   the space 127836K,  93% used [0x00000000aaaa0000, 0x00000000b1ebfdd8, 0x00000000b1ebfe00, 0x00000000b2777000)
 Metaspace       used 17573K, capacity 18176K, committed 18432K, reserved 1064960K
  class space    used 2004K, capacity 2200K, committed 2304K, reserved 1048576K
}
Event: 6.555 GC heap after
{Heap after GC invocations=16 (full 2):
 def new generation   total 57600K, used 0K [0x0000000080000000, 0x0000000083e70000, 0x00000000aaaa0000)
  eden space 51264K,   0% used [0x0000000080000000, 0x0000000080000000, 0x0000000083210000)
  from space 6336K,   0% used [0x0000000083210000, 0x0000000083210000, 0x0000000083840000)
  to   space 6336K,   0% used [0x0000000083840000, 0x0000000083840000, 0x0000000083e70000)
 tenured generation   total 127836K, used 16083K [0x00000000aaaa0000, 0x00000000b2777000, 0x0000000100000000)
   the space 127836K,  12% used [0x00000000aaaa0000, 0x00000000aba54e20, 0x00000000aba55000, 0x00000000b2777000)
 Metaspace       used 17573K, capacity 18176K, committed 18432K, reserved 1064960K
  class space    used 2004K, capacity 2200K, committed 2304K, reserved 1048576K
}
Event: 7.811 GC heap before
{Heap before GC invocations=16 (full 2):
 def new generation   total 57600K, used 34935K [0x0000000080000000, 0x0000000083e70000, 0x00000000aaaa0000)
  eden space 51264K,  68% used [0x0000000080000000, 0x000000008221dda8, 0x0000000083210000)
  from space 6336K,   0% used [0x0000000083210000, 0x0000000083210000, 0x0000000083840000)
  to   space 6336K,   0% used [0x0000000083840000, 0x0000000083840000, 0x0000000083e70000)
 tenured generation   total 127836K, used 118483K [0x00000000aaaa0000, 0x00000000b2777000, 0x0000000100000000)
   the space 127836K,  92% used [0x00000000aaaa0000, 0x00000000b1e54e30, 0x00000000b1e55000, 0x00000000b2777000)
 Metaspace       used 17669K, capacity 18189K, committed 18432K, reserved 1064960K
  class space    used 2006K, capacity 2202K, committed 2304K, reserved 1048576K
}
Event: 7.849 GC heap after
{Heap after GC invocations=17 (full 3):
 def new generation   total 54336K, used 0K [0x0000000080000000, 0x0000000083af0000, 0x00000000aaaa0000)
  eden space 48320K,   0% used [0x0000000080000000, 0x0000000080000000, 0x0000000082f30000)
  from space 6016K,   0% used [0x0000000082f30000, 0x0000000082f30000, 0x0000000083510000)
  to   space 6016K,   0% used [0x0000000083510000, 0x0000000083510000, 0x0000000083af0000)
 tenured generation   total 120624K, used 16710K [0x00000000aaaa0000, 0x00000000b206c000, 0x0000000100000000)
   the space 120624K,  13% used [0x00000000aaaa0000, 0x00000000abaf1b00, 0x00000000abaf1c00, 0x00000000b206c000)
 Metaspace       used 17669K, capacity 18189K, committed 18432K, reserved 1064960K
  class space    used 2006K, capacity 2202K, committed 2304K, reserved 1048576K
}
Event: 8.976 GC heap before
{Heap before GC invocations=17 (full 3):
 def new generation   total 54336K, used 33133K [0x0000000080000000, 0x0000000083af0000, 0x00000000aaaa0000)
  eden space 48320K,  68% used [0x0000000080000000, 0x000000008205b7b8, 0x0000000082f30000)
  from space 6016K,   0% used [0x0000000082f30000, 0x0000000082f30000, 0x0000000083510000)
  to   space 6016K,   0% used [0x0000000083510000, 0x0000000083510000, 0x0000000083af0000)
 tenured generation   total 120624K, used 119110K [0x00000000aaaa0000, 0x00000000b206c000, 0x0000000100000000)
   the space 120624K,  98% used [0x00000000aaaa0000, 0x00000000b1ef1b10, 0x00000000b1ef1c00, 0x00000000b206c000)
 Metaspace       used 17816K, capacity 18399K, committed 18688K, reserved 1064960K
  class space    used 2008K, capacity 2205K, committed 2304K, reserved 1048576K
}
Event: 9.011 GC heap after
{Heap after GC invocations=18 (full 4):
 def new generation   total 41472K, used 0K [0x0000000080000000, 0x0000000082d00000, 0x00000000aaaa0000)
  eden space 36864K,   0% used [0x0000000080000000, 0x0000000080000000, 0x0000000082400000)
  from space 4608K,   0% used [0x0000000082400000, 0x0000000082400000, 0x0000000082880000)
  to   space 4608K,   0% used [0x0000000082880000, 0x0000000082880000, 0x0000000082d00000)
 tenured generation   total 92076K, used 14775K [0x00000000aaaa0000, 0x00000000b048b000, 0x0000000100000000)
   the space 92076K,  16% used [0x00000000aaaa0000, 0x00000000ab90de80, 0x00000000ab90e000, 0x00000000b048b000)
 Metaspace       used 17816K, capacity 18399K, committed 18688K, reserved 1064960K
  class space    used 2008K, capacity 2205K, committed 2304K, reserved 1048576K
}

