# JRE version: OpenJDK Runtime Environment (11.0.4+11) (build 11.0.4+11-post-Ubuntu-1ubuntu218.04.3)
# Java VM: OpenJDK 64-Bit Server VM (11.0.4+11-post-Ubuntu-1ubuntu218.04.3, mixed mode, sharing, tiered, compressed oops, serial gc, linux-amd64)
Heap:
 def new generation   total 41856K, used 0K [0x0000000080000000, 0x0000000082d60000, 0x00000000aaaa0000)
  eden space 37248K,   0% used [0x0000000080000000, 0x0000000080000000, 0x0000000082460000)
  from space 4608K,   0% used [0x0000000082460000, 0x0000000082460000, 0x00000000828e0000)
  to   space 4608K,   0% used [0x00000000828e0000, 0x00000000828e0000, 0x0000000082d60000)
 tenured generation   total 92896K, used 15267K [0x00000000aaaa0000, 0x00000000b0558000, 0x0000000100000000)
   the space 92896K,  16% used [0x00000000aaaa0000, 0x00000000ab988f70, 0x00000000ab989000, 0x00000000b0558000)
 Metaspace       used 17849K, capacity 18405K, committed 18688K, reserved 1064960K
  class space    used 2014K, capacity 2206K, committed 2304K, reserved 1048576K
GC Heap History (10 events):
Event: 6.019 GC heap before
{Heap before GC invocations=14 (full 1):
 def new generation   total 11584K, used 11583K [0x0000000080000000, 0x0000000080c90000, 0x00000000aaaa0000)
  eden space 10304K, 100% used [0x0000000080000000, 0x0000000080a10000, 0x0000000080a10000)
  from space 1280K,  99% used [0x0000000080a10000, 0x0000000080b4fff8, 0x0000000080b50000)
  to   space 1280K,   0% used [0x0000000080b50000, 0x0000000080b50000, 0x0000000080c90000)
 tenured generation   total 128036K, used 117782K [0x00000000aaaa0000, 0x00000000b27a9000, 0x0000000100000000)
   the space 128036K,  91% used [0x00000000aaaa0000, 0x00000000b1da5868, 0x00000000b1da5a00, 0x00000000b27a9000)
 Metaspace       used 17606K, capacity 18176K, committed 18432K, reserved 1064960K
  class space    used 2007K, capacity 2200K, committed 2304K, reserved 1048576K
}
Event: 6.022 GC heap after
{Heap after GC invocations=15 (full 1):
 def new generation   total 11584K, used 892K [0x0000000080000000, 0x0000000080c90000, 0x00000000aaaa0000)
  eden space 10304K,   0% used [0x0000000080000000, 0x0000000080000000, 0x0000000080a10000)
  from space 1280K,  69% used [0x0000000080b50000, 0x0000000080c2f228, 0x0000000080c90000)
  to   space 1280K,   0% used [0x0000000080a10000, 0x0000000080a10000, 0x0000000080b50000)
 tenured generation   total 128036K, used 118388K [0x00000000aaaa0000, 0x00000000b27a9000, 0x0000000100000000)
   the space 128036K,  92% used [0x00000000aaaa0000, 0x00000000b1e3d260, 0x00000000b1e3d400, 0x00000000b27a9000)
 Metaspace       used 17606K, capacity 18176K, committed 18432K, reserved 1064960K
  class space    used 2007K, capacity 2200K, committed 2304K, reserved 1048576K
}
Event: 6.143 GC heap before
{Heap before GC invocations=15 (full 1):
 def new generation   total 11584K, used 9996K [0x0000000080000000, 0x0000000080c90000, 0x00000000aaaa0000)
  eden space 10304K,  88% used [0x0000000080000000, 0x00000000808e4120, 0x0000000080a10000)
  from space 1280K,  69% used [0x0000000080b50000, 0x0000000080c2f228, 0x0000000080c90000)
  to   space 1280K,   0% used [0x0000000080a10000, 0x0000000080a10000, 0x0000000080b50000)
 tenured generation   total 128036K, used 118388K [0x00000000aaaa0000, 0x00000000b27a9000, 0x0000000100000000)
   the space 128036K,  92% used [0x00000000aaaa0000, 0x00000000b1e3d260, 0x00000000b1e3d400, 0x00000000b27a9000)
 Metaspace       used 17617K, capacity 18176K, committed 18432K, reserved 1064960K
  class space    used 2007K, capacity 2200K, committed 2304K, reserved 1048576K
}
Event: 6.169 GC heap after
{Heap after GC invocations=16 (full 2):
 def new generation   total 57664K, used 0K [0x0000000080000000, 0x0000000083e90000, 0x00000000aaaa0000)
  eden space 51264K,   0% used [0x0000000080000000, 0x0000000080000000, 0x0000000083210000)
  from space 6400K,   0% used [0x0000000083210000, 0x0000000083210000, 0x0000000083850000)
  to   space 6400K,   0% used [0x0000000083850000, 0x0000000083850000, 0x0000000083e90000)
 tenured generation   total 128036K, used 16203K [0x00000000aaaa0000, 0x00000000b27a9000, 0x0000000100000000)
   the space 128036K,  12% used [0x00000000aaaa0000, 0x00000000aba72cb0, 0x00000000aba72e00, 0x00000000b27a9000)
 Metaspace       used 17617K, capacity 18176K, committed 18432K, reserved 1064960K
  class space    used 2007K, capacity 2200K, committed 2304K, reserved 1048576K
}
Event: 8.723 GC heap before
{Heap before GC invocations=16 (full 2):
 def new generation   total 57664K, used 51264K [0x0000000080000000, 0x0000000083e90000, 0x00000000aaaa0000)
  eden space 51264K, 100% used [0x0000000080000000, 0x0000000083210000, 0x0000000083210000)
  from space 6400K,   0% used [0x0000000083210000, 0x0000000083210000, 0x0000000083850000)
  to   space 6400K,   0% used [0x0000000083850000, 0x0000000083850000, 0x0000000083e90000)
 tenured generation   total 128036K, used 118603K [0x00000000aaaa0000, 0x00000000b27a9000, 0x0000000100000000)
   the space 128036K,  92% used [0x00000000aaaa0000, 0x00000000b1e72cc0, 0x00000000b1e72e00, 0x00000000b27a9000)
 Metaspace       used 17760K, capacity 18317K, committed 18688K, reserved 1064960K
  class space    used 2011K, capacity 2202K, committed 2304K, reserved 1048576K
}
Event: 8.750 GC heap after
{Heap after GC invocations=17 (full 2):
 def new generation   total 57664K, used 1442K [0x0000000080000000, 0x0000000083e90000, 0x00000000aaaa0000)
  eden space 51264K,   0% used [0x0000000080000000, 0x0000000080000000, 0x0000000083210000)
  from space 6400K,  22% used [0x0000000083850000, 0x00000000839b8968, 0x0000000083e90000)
  to   space 6400K,   0% used [0x0000000083210000, 0x0000000083210000, 0x0000000083850000)
 tenured generation   total 128036K, used 118603K [0x00000000aaaa0000, 0x00000000b27a9000, 0x0000000100000000)
   the space 128036K,  92% used [0x00000000aaaa0000, 0x00000000b1e72cc0, 0x00000000b1e72e00, 0x00000000b27a9000)
 Metaspace       used 17760K, capacity 18317K, committed 18688K, reserved 1064960K
  class space    used 2011K, capacity 2202K, committed 2304K, reserved 1048576K
}
Event: 8.919 GC heap before
{Heap before GC invocations=17 (full 2):
 def new generation   total 57664K, used 13156K [0x0000000080000000, 0x0000000083e90000, 0x00000000aaaa0000)
  eden space 51264K,  22% used [0x0000000080000000, 0x0000000080b70970, 0x0000000083210000)
  from space 6400K,  22% used [0x0000000083850000, 0x00000000839b8968, 0x0000000083e90000)
  to   space 6400K,   0% used [0x0000000083210000, 0x0000000083210000, 0x0000000083850000)
 tenured generation   total 128036K, used 118603K [0x00000000aaaa0000, 0x00000000b27a9000, 0x0000000100000000)
   the space 128036K,  92% used [0x00000000aaaa0000, 0x00000000b1e72cc0, 0x00000000b1e72e00, 0x00000000b27a9000)
 Metaspace       used 17766K, capacity 18317K, committed 18688K, reserved 1064960K
  class space    used 2011K, capacity 2202K, committed 2304K, reserved 1048576K
}
Event: 8.973 GC heap after
{Heap after GC invocations=18 (full 3):
 def new generation   total 54464K, used 0K [0x0000000080000000, 0x0000000083b10000, 0x00000000aaaa0000)
  eden space 48448K,   0% used [0x0000000080000000, 0x0000000080000000, 0x0000000082f50000)
  from space 6016K,   0% used [0x0000000082f50000, 0x0000000082f50000, 0x0000000083530000)
  to   space 6016K,   0% used [0x0000000083530000, 0x0000000083530000, 0x0000000083b10000)
 tenured generation   total 120892K, used 16978K [0x00000000aaaa0000, 0x00000000b20af000, 0x0000000100000000)
   the space 120892K,  14% used [0x00000000aaaa0000, 0x00000000abb34878, 0x00000000abb34a00, 0x00000000b20af000)
 Metaspace       used 17766K, capacity 18317K, committed 18688K, reserved 1064960K
  class space    used 2011K, capacity 2202K, committed 2304K, reserved 1048576K
}
Event: 11.394 GC heap before
{Heap before GC invocations=18 (full 3):
 def new generation   total 54464K, used 33369K [0x0000000080000000, 0x0000000083b10000, 0x00000000aaaa0000)
  eden space 48448K,  68% used [0x0000000080000000, 0x00000000820964c0, 0x0000000082f50000)
  from space 6016K,   0% used [0x0000000082f50000, 0x0000000082f50000, 0x0000000083530000)
  to   space 6016K,   0% used [0x0000000083530000, 0x0000000083530000, 0x0000000083b10000)
 tenured generation   total 120892K, used 119378K [0x00000000aaaa0000, 0x00000000b20af000, 0x0000000100000000)
   the space 120892K,  98% used [0x00000000aaaa0000, 0x00000000b1f34888, 0x00000000b1f34a00, 0x00000000b20af000)
 Metaspace       used 17849K, capacity 18405K, committed 18688K, reserved 1064960K
  class space    used 2014K, capacity 2206K, committed 2304K, reserved 1048576K
}
Event: 11.513 GC heap after
{Heap after GC invocations=19 (full 4):
 def new generation   total 41856K, used 0K [0x0000000080000000, 0x0000000082d60000, 0x00000000aaaa0000)
  eden space 37248K,   0% used [0x0000000080000000, 0x0000000080000000, 0x0000000082460000)
  from space 4608K,   0% used [0x0000000082460000, 0x0000000082460000, 0x00000000828e0000)
  to   space 4608K,   0% used [0x00000000828e0000, 0x00000000828e0000, 0x0000000082d60000)
 tenured generation   total 92896K, used 15267K [0x00000000aaaa0000, 0x00000000b0558000, 0x0000000100000000)
   the space 92896K,  16% used [0x00000000aaaa0000, 0x00000000ab988f70, 0x00000000ab989000, 0x00000000b0558000)
 Metaspace       used 17849K, capacity 18405K, committed 18688K, reserved 1064960K
  class space    used 2014K, capacity 2206K, committed 2304K, reserved 1048576K
}

