# JRE version: OpenJDK Runtime Environment (11.0.4+11) (build 11.0.4+11-post-Ubuntu-1ubuntu218.04.3)
# Java VM: OpenJDK 64-Bit Server VM (11.0.4+11-post-Ubuntu-1ubuntu218.04.3, mixed mode, sharing, tiered, compressed oops, serial gc, linux-amd64)
Heap:
 def new generation   total 41472K, used 0K [0x0000000080000000, 0x0000000082d00000, 0x00000000aaaa0000)
  eden space 36864K,   0% used [0x0000000080000000, 0x0000000080000000, 0x0000000082400000)
  from space 4608K,   0% used [0x0000000082400000, 0x0000000082400000, 0x0000000082880000)
  to   space 4608K,   0% used [0x0000000082880000, 0x0000000082880000, 0x0000000082d00000)
 tenured generation   total 92088K, used 14780K [0x00000000aaaa0000, 0x00000000b048e000, 0x0000000100000000)
   the space 92088K,  16% used [0x00000000aaaa0000, 0x00000000ab90f228, 0x00000000ab90f400, 0x00000000b048e000)
 Metaspace       used 17853K, capacity 18399K, committed 18688K, reserved 1064960K
  class space    used 2011K, capacity 2205K, committed 2304K, reserved 1048576K
GC Heap History (10 events):
Event: 6.442 GC heap before
{Heap before GC invocations=13 (full 1):
 def new generation   total 11520K, used 10723K [0x0000000080000000, 0x0000000080c70000, 0x00000000aaaa0000)
  eden space 10304K, 100% used [0x0000000080000000, 0x0000000080a10000, 0x0000000080a10000)
  from space 1216K,  34% used [0x0000000080b40000, 0x0000000080ba8cc8, 0x0000000080c70000)
  to   space 1216K,   0% used [0x0000000080a10000, 0x0000000080a10000, 0x0000000080b40000)
 tenured generation   total 127836K, used 117657K [0x00000000aaaa0000, 0x00000000b2777000, 0x0000000100000000)
   the space 127836K,  92% used [0x00000000aaaa0000, 0x00000000b1d864e8, 0x00000000b1d86600, 0x00000000b2777000)
 Metaspace       used 17544K, capacity 18112K, committed 18432K, reserved 1064960K
  class space    used 2007K, capacity 2200K, committed 2304K, reserved 1048576K
}
Event: 6.447 GC heap after
{Heap after GC invocations=14 (full 1):
 def new generation   total 11520K, used 1216K [0x0000000080000000, 0x0000000080c70000, 0x00000000aaaa0000)
  eden space 10304K,   0% used [0x0000000080000000, 0x0000000080000000, 0x0000000080a10000)
  from space 1216K, 100% used [0x0000000080a10000, 0x0000000080b40000, 0x0000000080b40000)
  to   space 1216K,   0% used [0x0000000080b40000, 0x0000000080b40000, 0x0000000080c70000)
 tenured generation   total 127836K, used 117728K [0x00000000aaaa0000, 0x00000000b2777000, 0x0000000100000000)
   the space 127836K,  92% used [0x00000000aaaa0000, 0x00000000b1d983e8, 0x00000000b1d98400, 0x00000000b2777000)
 Metaspace       used 17544K, capacity 18112K, committed 18432K, reserved 1064960K
  class space    used 2007K, capacity 2200K, committed 2304K, reserved 1048576K
}
Event: 6.551 GC heap before
{Heap before GC invocations=14 (full 1):
 def new generation   total 11520K, used 11520K [0x0000000080000000, 0x0000000080c70000, 0x00000000aaaa0000)
  eden space 10304K, 100% used [0x0000000080000000, 0x0000000080a10000, 0x0000000080a10000)
  from space 1216K, 100% used [0x0000000080a10000, 0x0000000080b40000, 0x0000000080b40000)
  to   space 1216K,   0% used [0x0000000080b40000, 0x0000000080b40000, 0x0000000080c70000)
 tenured generation   total 127836K, used 117728K [0x00000000aaaa0000, 0x00000000b2777000, 0x0000000100000000)
   the space 127836K,  92% used [0x00000000aaaa0000, 0x00000000b1d983e8, 0x00000000b1d98400, 0x00000000b2777000)
 Metaspace       used 17571K, capacity 18176K, committed 18688K, reserved 1064960K
  class space    used 2007K, capacity 2200K, committed 2304K, reserved 1048576K
}
Event: 6.555 GC heap after
{Heap after GC invocations=15 (full 1):
 def new generation   total 11520K, used 972K [0x0000000080000000, 0x0000000080c70000, 0x00000000aaaa0000)
  eden space 10304K,   0% used [0x0000000080000000, 0x0000000080000000, 0x0000000080a10000)
  from space 1216K,  79% used [0x0000000080b40000, 0x0000000080c33328, 0x0000000080c70000)
  to   space 1216K,   0% used [0x0000000080a10000, 0x0000000080a10000, 0x0000000080b40000)
 tenured generation   total 127836K, used 118917K [0x00000000aaaa0000, 0x00000000b2777000, 0x0000000100000000)
   the space 127836K,  93% used [0x00000000aaaa0000, 0x00000000b1ec1400, 0x00000000b1ec1400, 0x00000000b2777000)
 Metaspace       used 17571K, capacity 18176K, committed 18688K, reserved 1064960K
  class space    used 2007K, capacity 2200K, committed 2304K, reserved 1048576K
}
Event: 6.658 GC heap before
{Heap before GC invocations=15 (full 1):
 def new generation   total 11520K, used 10077K [0x0000000080000000, 0x0000000080c70000, 0x00000000aaaa0000)
  eden space 10304K,  88% used [0x0000000080000000, 0x00000000808e4440, 0x0000000080a10000)
  from space 1216K,  79% used [0x0000000080b40000, 0x0000000080c33328, 0x0000000080c70000)
  to   space 1216K,   0% used [0x0000000080a10000, 0x0000000080a10000, 0x0000000080b40000)
 tenured generation   total 127836K, used 118917K [0x00000000aaaa0000, 0x00000000b2777000, 0x0000000100000000)
   the space 127836K,  93% used [0x00000000aaaa0000, 0x00000000b1ec1400, 0x00000000b1ec1400, 0x00000000b2777000)
 Metaspace       used 17580K, capacity 18176K, committed 18688K, reserved 1064960K
  class space    used 2007K, capacity 2200K, committed 2304K, reserved 1048576K
}
Event: 6.704 GC heap after
{Heap after GC invocations=16 (full 2):
 def new generation   total 57600K, used 0K [0x0000000080000000, 0x0000000083e70000, 0x00000000aaaa0000)
  eden space 51264K,   0% used [0x0000000080000000, 0x0000000080000000, 0x0000000083210000)
  from space 6336K,   0% used [0x0000000083210000, 0x0000000083210000, 0x0000000083840000)
  to   space 6336K,   0% used [0x0000000083840000, 0x0000000083840000, 0x0000000083e70000)
 tenured generation   total 127836K, used 16089K [0x00000000aaaa0000, 0x00000000b2777000, 0x0000000100000000)
   the space 127836K,  12% used [0x00000000aaaa0000, 0x00000000aba56620, 0x00000000aba56800, 0x00000000b2777000)
 Metaspace       used 17580K, capacity 18176K, committed 18688K, reserved 1064960K
  class space    used 2007K, capacity 2200K, committed 2304K, reserved 1048576K
}
Event: 7.963 GC heap before
{Heap before GC invocations=16 (full 2):
 def new generation   total 57600K, used 34960K [0x0000000080000000, 0x0000000083e70000, 0x00000000aaaa0000)
  eden space 51264K,  68% used [0x0000000080000000, 0x0000000082224030, 0x0000000083210000)
  from space 6336K,   0% used [0x0000000083210000, 0x0000000083210000, 0x0000000083840000)
  to   space 6336K,   0% used [0x0000000083840000, 0x0000000083840000, 0x0000000083e70000)
 tenured generation   total 127836K, used 118489K [0x00000000aaaa0000, 0x00000000b2777000, 0x0000000100000000)
   the space 127836K,  92% used [0x00000000aaaa0000, 0x00000000b1e56630, 0x00000000b1e56800, 0x00000000b2777000)
 Metaspace       used 17670K, capacity 18189K, committed 18688K, reserved 1064960K
  class space    used 2008K, capacity 2202K, committed 2304K, reserved 1048576K
}
Event: 8.014 GC heap after
{Heap after GC invocations=17 (full 3):
 def new generation   total 54336K, used 0K [0x0000000080000000, 0x0000000083af0000, 0x00000000aaaa0000)
  eden space 48320K,   0% used [0x0000000080000000, 0x0000000080000000, 0x0000000082f30000)
  from space 6016K,   0% used [0x0000000082f30000, 0x0000000082f30000, 0x0000000083510000)
  to   space 6016K,   0% used [0x0000000083510000, 0x0000000083510000, 0x0000000083af0000)
 tenured generation   total 120628K, used 16717K [0x00000000aaaa0000, 0x00000000b206d000, 0x0000000100000000)
   the space 120628K,  13% used [0x00000000aaaa0000, 0x00000000abaf3690, 0x00000000abaf3800, 0x00000000b206d000)
 Metaspace       used 17670K, capacity 18189K, committed 18688K, reserved 1064960K
  class space    used 2008K, capacity 2202K, committed 2304K, reserved 1048576K
}
Event: 9.270 GC heap before
{Heap before GC invocations=17 (full 3):
 def new generation   total 54336K, used 33149K [0x0000000080000000, 0x0000000083af0000, 0x00000000aaaa0000)
  eden space 48320K,  68% used [0x0000000080000000, 0x000000008205f6f8, 0x0000000082f30000)
  from space 6016K,   0% used [0x0000000082f30000, 0x0000000082f30000, 0x0000000083510000)
  to   space 6016K,   0% used [0x0000000083510000, 0x0000000083510000, 0x0000000083af0000)
 tenured generation   total 120628K, used 119117K [0x00000000aaaa0000, 0x00000000b206d000, 0x0000000100000000)
   the space 120628K,  98% used [0x00000000aaaa0000, 0x00000000b1ef36a0, 0x00000000b1ef3800, 0x00000000b206d000)
 Metaspace       used 17853K, capacity 18399K, committed 18688K, reserved 1064960K
  class space    used 2011K, capacity 2205K, committed 2304K, reserved 1048576K
}
Event: 9.301 GC heap after
{Heap after GC invocations=18 (full 4):
 def new generation   total 41472K, used 0K [0x0000000080000000, 0x0000000082d00000, 0x00000000aaaa0000)
  eden space 36864K,   0% used [0x0000000080000000, 0x0000000080000000, 0x0000000082400000)
  from space 4608K,   0% used [0x0000000082400000, 0x0000000082400000, 0x0000000082880000)
  to   space 4608K,   0% used [0x0000000082880000, 0x0000000082880000, 0x0000000082d00000)
 tenured generation   total 92088K, used 14780K [0x00000000aaaa0000, 0x00000000b048e000, 0x0000000100000000)
   the space 92088K,  16% used [0x00000000aaaa0000, 0x00000000ab90f228, 0x00000000ab90f400, 0x00000000b048e000)
 Metaspace       used 17853K, capacity 18399K, committed 18688K, reserved 1064960K
  class space    used 2011K, capacity 2205K, committed 2304K, reserved 1048576K
}

